<?xml version="1.0" encoding="UTF-8"?>
<coverage generated="1701055694310" clover="3.2.0">
  <project timestamp="1701055694310" name="All files">
    <metrics statements="43" coveredstatements="43" conditionals="7" coveredconditionals="7" methods="8" coveredmethods="8" elements="58" coveredelements="58" complexity="0" loc="43" ncloc="43" packages="1" files="2" classes="2"/>
    <file name="constants.js" path="/Users/doantuan/Downloads/learn-unit-test/constants.js">
      <metrics statements="7" coveredstatements="7" conditionals="0" coveredconditionals="0" methods="0" coveredmethods="0"/>
      <line num="1" count="1" type="stmt"/>
      <line num="3" count="1" type="stmt"/>
      <line num="9" count="1" type="stmt"/>
      <line num="16" count="1" type="stmt"/>
      <line num="22" count="1" type="stmt"/>
      <line num="37" count="1" type="stmt"/>
      <line num="44" count="1" type="stmt"/>
    </file>
    <file name="index.js" path="/Users/doantuan/Downloads/learn-unit-test/index.js">
      <metrics statements="36" coveredstatements="36" conditionals="7" coveredconditionals="7" methods="8" coveredmethods="8"/>
      <line num="1" count="1" type="stmt"/>
      <line num="9" count="1" type="stmt"/>
      <line num="11" count="1" type="stmt"/>
      <line num="12" count="1" type="stmt"/>
      <line num="14" count="1" type="stmt"/>
      <line num="15" count="14" type="stmt"/>
      <line num="17" count="1" type="stmt"/>
      <line num="18" count="19" type="stmt"/>
      <line num="24" count="19" type="stmt"/>
      <line num="25" count="19" type="stmt"/>
      <line num="27" count="19" type="cond" truecount="3" falsecount="0"/>
      <line num="30" count="1" type="stmt"/>
      <line num="31" count="11" type="stmt"/>
      <line num="32" count="22" type="stmt"/>
      <line num="38" count="11" type="stmt"/>
      <line num="41" count="1" type="stmt"/>
      <line num="42" count="9" type="stmt"/>
      <line num="43" count="14" type="stmt"/>
      <line num="45" count="14" type="stmt"/>
      <line num="48" count="14" type="stmt"/>
      <line num="51" count="9" type="stmt"/>
      <line num="54" count="1" type="stmt"/>
      <line num="55" count="9" type="stmt"/>
      <line num="56" count="9" type="stmt"/>
      <line num="57" count="14" type="stmt"/>
      <line num="60" count="9" type="stmt"/>
      <line num="63" count="1" type="stmt"/>
      <line num="64" count="19" type="cond" truecount="2" falsecount="0"/>
      <line num="65" count="8" type="stmt"/>
      <line num="68" count="11" type="stmt"/>
      <line num="70" count="11" type="cond" truecount="2" falsecount="0"/>
      <line num="71" count="2" type="stmt"/>
      <line num="74" count="9" type="stmt"/>
      <line num="81" count="9" type="stmt"/>
      <line num="83" count="9" type="stmt"/>
      <line num="93" count="1" type="stmt"/>
    </file>
  </project>
</coverage>
