{"/Users/doantuan/Downloads/learn-unit-test/constants.js": {"path":"/Users/doantuan/Downloads/learn-unit-test/constants.js","statementMap":{"0":{"start":{"line":1,"column":25},"end":{"line":1,"column":43}},"1":{"start":{"line":3,"column":15},"end":{"line":7,"column":1}},"2":{"start":{"line":9,"column":23},"end":{"line":14,"column":1}},"3":{"start":{"line":16,"column":19},"end":{"line":20,"column":1}},"4":{"start":{"line":22,"column":14},"end":{"line":35,"column":1}},"5":{"start":{"line":37,"column":24},"end":{"line":42,"column":1}},"6":{"start":{"line":44,"column":0},"end":{"line":51,"column":2}}},"fnMap":{},"branchMap":{},"s":{"0":1,"1":1,"2":1,"3":1,"4":1,"5":1,"6":1},"f":{},"b":{},"_coverageSchema":"1a1c01bbd47fc00a2c39e90264f33305004495a9","hash":"661fc45e520958260fc8caa37780b53b51d1bdcb"}
,"/Users/doantuan/Downloads/learn-unit-test/index.js": {"path":"/Users/doantuan/Downloads/learn-unit-test/index.js","statementMap":{"0":{"start":{"line":1,"column":14},"end":{"line":1,"column":30}},"1":{"start":{"line":9,"column":4},"end":{"line":9,"column":26}},"2":{"start":{"line":11,"column":24},"end":{"line":11,"column":65}},"3":{"start":{"line":12,"column":0},"end":{"line":12,"column":32}},"4":{"start":{"line":14,"column":31},"end":{"line":16,"column":1}},"5":{"start":{"line":15,"column":2},"end":{"line":15,"column":94}},"6":{"start":{"line":17,"column":21},"end":{"line":28,"column":1}},"7":{"start":{"line":18,"column":30},"end":{"line":22,"column":13}},"8":{"start":{"line":24,"column":27},"end":{"line":24,"column":62}},"9":{"start":{"line":25,"column":31},"end":{"line":25,"column":74}},"10":{"start":{"line":27,"column":2},"end":{"line":27,"column":73}},"11":{"start":{"line":30,"column":23},"end":{"line":39,"column":1}},"12":{"start":{"line":31,"column":17},"end":{"line":36,"column":4}},"13":{"start":{"line":32,"column":4},"end":{"line":35,"column":6}},"14":{"start":{"line":38,"column":2},"end":{"line":38,"column":16}},"15":{"start":{"line":41,"column":19},"end":{"line":52,"column":1}},"16":{"start":{"line":42,"column":18},"end":{"line":49,"column":4}},"17":{"start":{"line":43,"column":22},"end":{"line":43,"column":74}},"18":{"start":{"line":45,"column":6},"end":{"line":46,"column":62}},"19":{"start":{"line":48,"column":4},"end":{"line":48,"column":56}},"20":{"start":{"line":51,"column":2},"end":{"line":51,"column":17}},"21":{"start":{"line":54,"column":23},"end":{"line":61,"column":1}},"22":{"start":{"line":55,"column":15},"end":{"line":55,"column":17}},"23":{"start":{"line":56,"column":2},"end":{"line":58,"column":3}},"24":{"start":{"line":56,"column":19},"end":{"line":56,"column":20}},"25":{"start":{"line":57,"column":4},"end":{"line":57,"column":59}},"26":{"start":{"line":60,"column":2},"end":{"line":60,"column":16}},"27":{"start":{"line":63,"column":29},"end":{"line":84,"column":1}},"28":{"start":{"line":64,"column":2},"end":{"line":66,"column":3}},"29":{"start":{"line":65,"column":4},"end":{"line":65,"column":26}},"30":{"start":{"line":68,"column":17},"end":{"line":68,"column":45}},"31":{"start":{"line":70,"column":2},"end":{"line":72,"column":3}},"32":{"start":{"line":71,"column":4},"end":{"line":71,"column":29}},"33":{"start":{"line":74,"column":18},"end":{"line":79,"column":4}},"34":{"start":{"line":81,"column":15},"end":{"line":81,"column":38}},"35":{"start":{"line":83,"column":2},"end":{"line":83,"column":16}},"36":{"start":{"line":93,"column":0},"end":{"line":97,"column":2}}},"fnMap":{"0":{"name":"(anonymous_0)","decl":{"start":{"line":14,"column":31},"end":{"line":14,"column":32}},"loc":{"start":{"line":14,"column":64},"end":{"line":16,"column":1}},"line":14},"1":{"name":"(anonymous_1)","decl":{"start":{"line":17,"column":21},"end":{"line":17,"column":22}},"loc":{"start":{"line":17,"column":69},"end":{"line":28,"column":1}},"line":17},"2":{"name":"(anonymous_2)","decl":{"start":{"line":30,"column":23},"end":{"line":30,"column":24}},"loc":{"start":{"line":30,"column":41},"end":{"line":39,"column":1}},"line":30},"3":{"name":"(anonymous_3)","decl":{"start":{"line":31,"column":43},"end":{"line":31,"column":44}},"loc":{"start":{"line":31,"column":52},"end":{"line":36,"column":3}},"line":31},"4":{"name":"(anonymous_4)","decl":{"start":{"line":41,"column":19},"end":{"line":41,"column":20}},"loc":{"start":{"line":41,"column":75},"end":{"line":52,"column":1}},"line":41},"5":{"name":"(anonymous_5)","decl":{"start":{"line":42,"column":29},"end":{"line":42,"column":30}},"loc":{"start":{"line":42,"column":40},"end":{"line":49,"column":3}},"line":42},"6":{"name":"(anonymous_6)","decl":{"start":{"line":54,"column":23},"end":{"line":54,"column":24}},"loc":{"start":{"line":54,"column":36},"end":{"line":61,"column":1}},"line":54},"7":{"name":"(anonymous_7)","decl":{"start":{"line":63,"column":29},"end":{"line":63,"column":30}},"loc":{"start":{"line":63,"column":77},"end":{"line":84,"column":1}},"line":63}},"branchMap":{"0":{"loc":{"start":{"line":27,"column":9},"end":{"line":27,"column":72}},"type":"binary-expr","locations":[{"start":{"line":27,"column":9},"end":{"line":27,"column":28}},{"start":{"line":27,"column":32},"end":{"line":27,"column":48}},{"start":{"line":27,"column":52},"end":{"line":27,"column":72}}],"line":27},"1":{"loc":{"start":{"line":64,"column":2},"end":{"line":66,"column":3}},"type":"if","locations":[{"start":{"line":64,"column":2},"end":{"line":66,"column":3}},{"start":{},"end":{}}],"line":64},"2":{"loc":{"start":{"line":70,"column":2},"end":{"line":72,"column":3}},"type":"if","locations":[{"start":{"line":70,"column":2},"end":{"line":72,"column":3}},{"start":{},"end":{}}],"line":70}},"s":{"0":1,"1":1,"2":1,"3":1,"4":1,"5":10,"6":1,"7":17,"8":17,"9":17,"10":17,"11":1,"12":9,"13":18,"14":9,"15":1,"16":7,"17":10,"18":10,"19":10,"20":7,"21":1,"22":7,"23":7,"24":7,"25":10,"26":7,"27":1,"28":17,"29":8,"30":9,"31":9,"32":2,"33":7,"34":7,"35":7,"36":1},"f":{"0":10,"1":17,"2":9,"3":18,"4":7,"5":10,"6":7,"7":17},"b":{"0":[17,13,11],"1":[8,9],"2":[2,7]},"_coverageSchema":"1a1c01bbd47fc00a2c39e90264f33305004495a9","hash":"877c49f5f9c11db7f469bd62fcaa81f4ebfe6b38"}
}
