TN:
SF:constants.js
FNF:0
FNH:0
DA:1,1
DA:3,1
DA:9,1
DA:16,1
DA:22,1
DA:37,1
DA:44,1
LF:7
LH:7
BRF:0
BRH:0
end_of_record
TN:
SF:index.js
FN:14,(anonymous_0)
FN:17,(anonymous_1)
FN:30,(anonymous_2)
FN:31,(anonymous_3)
FN:41,(anonymous_4)
FN:42,(anonymous_5)
FN:54,(anonymous_6)
FN:63,(anonymous_7)
FNF:8
FNH:8
FNDA:14,(anonymous_0)
FNDA:19,(anonymous_1)
FNDA:11,(anonymous_2)
FNDA:22,(anonymous_3)
FNDA:9,(anonymous_4)
FNDA:14,(anonymous_5)
FNDA:9,(anonymous_6)
FNDA:19,(anonymous_7)
DA:1,1
DA:9,1
DA:11,1
DA:12,1
DA:14,1
DA:15,14
DA:17,1
DA:18,19
DA:24,19
DA:25,19
DA:27,19
DA:30,1
DA:31,11
DA:32,22
DA:38,11
DA:41,1
DA:42,9
DA:43,14
DA:45,14
DA:48,14
DA:51,9
DA:54,1
DA:55,9
DA:56,9
DA:57,14
DA:60,9
DA:63,1
DA:64,19
DA:65,8
DA:68,11
DA:70,11
DA:71,2
DA:74,9
DA:81,9
DA:83,9
DA:93,1
LF:36
LH:36
BRDA:27,0,0,19
BRDA:27,0,1,15
BRDA:27,0,2,13
BRDA:64,1,0,8
BRDA:64,1,1,11
BRDA:70,2,0,2
BRDA:70,2,1,9
BRF:7
BRH:7
end_of_record
