TN:
SF:constants.js
FNF:0
FNH:0
DA:1,1
DA:3,1
DA:9,1
DA:16,1
DA:22,1
DA:37,1
DA:44,1
LF:7
LH:7
BRF:0
BRH:0
end_of_record
TN:
SF:index.js
FN:14,(anonymous_0)
FN:17,(anonymous_1)
FN:30,(anonymous_2)
FN:31,(anonymous_3)
FN:41,(anonymous_4)
FN:42,(anonymous_5)
FN:54,(anonymous_6)
FN:63,(anonymous_7)
FNF:8
FNH:8
FNDA:10,(anonymous_0)
FNDA:17,(anonymous_1)
FNDA:9,(anonymous_2)
FNDA:18,(anonymous_3)
FNDA:7,(anonymous_4)
FNDA:10,(anonymous_5)
FNDA:7,(anonymous_6)
FNDA:17,(anonymous_7)
DA:1,1
DA:9,1
DA:11,1
DA:12,1
DA:14,1
DA:15,10
DA:17,1
DA:18,17
DA:24,17
DA:25,17
DA:27,17
DA:30,1
DA:31,9
DA:32,18
DA:38,9
DA:41,1
DA:42,7
DA:43,10
DA:45,10
DA:48,10
DA:51,7
DA:54,1
DA:55,7
DA:56,7
DA:57,10
DA:60,7
DA:63,1
DA:64,17
DA:65,8
DA:68,9
DA:70,9
DA:71,2
DA:74,7
DA:81,7
DA:83,7
DA:93,1
LF:36
LH:36
BRDA:27,0,0,17
BRDA:27,0,1,13
BRDA:27,0,2,11
BRDA:64,1,0,8
BRDA:64,1,1,9
BRDA:70,2,0,2
BRDA:70,2,1,7
BRF:7
BRH:7
end_of_record
